$(Delphi)Demos\Db\IBMastApp\mastapp.hlp
$(Delphi)Demos\Db\MastApp\mastapp.hlp
$(Delphi)Help\d7.hlp
$(Delphi)Help\d7com.hlp
$(Delphi)Help\d7dap.hlp
$(Delphi)Help\d7dbd.hlp
$(Delphi)Help\d7dbx.hlp
$(Delphi)Help\d7derrs.hlp
$(Delphi)Help\d7dlr.hlp
$(Delphi)Help\d7dopts.hlp
$(Delphi)Help\d7etm.hlp
$(Delphi)Help\d7ibx.hlp
$(Delphi)Help\d7ilib.hlp
$(Delphi)Help\d7indy.hlp
$(Delphi)Help\d7new.hlp
$(Delphi)Help\d7pce.hlp
$(Delphi)Help\d7prog.hlp
$(Delphi)Help\d7vcl.hlp
$(Delphi)Help\d7xmlmap.hlp
$(Delphi)Help\InspectorHelp.hlp
$(Delphi)Help\lmdtools.hlp
$(Delphi)Rave5\Help\Rave50DevGuide.hlp
